Using pre-set license
Built from '2020.3/staging' branch; Version is '2020.3.5f1 (8095aa901b9b) revision 8426922'; Using compiler version '192528614'; Build Type 'Release'
OS: 'Windows 10 Pro; OS build 22000.258; Version 2009; 64bit' Language: 'en' Physical Memory: 16333 MB
BatchMode: 1, IsHumanControllingUs: 0, StartBugReporterOnCrash: 0, Is64bit: 1, IsPro: 0

 COMMAND LINE ARGUMENTS:
C:\Unity\2020.3.5f1\Editor\Unity.exe
-adb2
-batchMode
-noUpm
-name
AssetImportWorker0
-projectPath
D:/Unity/Repo/Unity2D/LogiRobo/LogiRobo
-logFile
Logs/AssetImportWorker0.log
-srvPort
56372
Successfully changed project path to: D:/Unity/Repo/Unity2D/LogiRobo/LogiRobo
D:/Unity/Repo/Unity2D/LogiRobo/LogiRobo
Using Asset Import Pipeline V2.
Refreshing native plugins compatible for Editor in 37.69 ms, found 1 plugins.
Preloading 0 native plugins for Editor in 0.00 ms.
Initialize engine version: 2020.3.5f1 (8095aa901b9b)
[Subsystems] Discovering subsystems at path C:/Unity/2020.3.5f1/Editor/Data/Resources/UnitySubsystems
[Subsystems] Discovering subsystems at path D:/Unity/Repo/Unity2D/LogiRobo/LogiRobo/Assets
GfxDevice: creating device client; threaded=0
Direct3D:
    Version:  Direct3D 11.0 [level 11.1]
    Renderer: NVIDIA GeForce RTX 2060 SUPER (ID=0x1f06)
    Vendor:   
    VRAM:     8031 MB
    Driver:   30.0.14.7212
Initialize mono
Mono path[0] = 'C:/Unity/2020.3.5f1/Editor/Data/Managed'
Mono path[1] = 'C:/Unity/2020.3.5f1/Editor/Data/MonoBleedingEdge/lib/mono/unityjit'
Mono config path = 'C:/Unity/2020.3.5f1/Editor/Data/MonoBleedingEdge/etc'
Using monoOptions --debugger-agent=transport=dt_socket,embedding=1,server=y,suspend=n,address=127.0.0.1:56476
Begin MonoManager ReloadAssembly
Registering precompiled unity dll's ...
Register platform support module: C:/Unity/2020.3.5f1/Editor/Data/PlaybackEngines/WebGLSupport/UnityEditor.WebGL.Extensions.dll
Register platform support module: C:/Unity/2020.3.5f1/Editor/Data/PlaybackEngines/WindowsStandaloneSupport/UnityEditor.WindowsStandalone.Extensions.dll
Registered in 0.001707 seconds.
Native extension for WindowsStandalone target not found
Native extension for WebGL target not found
Refreshing native plugins compatible for Editor in 36.89 ms, found 1 plugins.
Preloading 0 native plugins for Editor in 0.00 ms.
Mono: successfully reloaded assembly
- Completed reload, in  0.968 seconds
Platform modules already initialized, skipping
Registering precompiled user dll's ...
Registered in 0.000959 seconds.
Begin MonoManager ReloadAssembly
Native extension for WindowsStandalone target not found
Native extension for WebGL target not found
Refreshing native plugins compatible for Editor in 36.03 ms, found 1 plugins.
Preloading 0 native plugins for Editor in 0.00 ms.
Mono: successfully reloaded assembly
- Completed reload, in  0.819 seconds
Platform modules already initialized, skipping
========================================================================
Worker process is ready to serve import requests
Launched and connected shader compiler UnityShaderCompiler.exe after 0.03 seconds
Refreshing native plugins compatible for Editor in 0.57 ms, found 1 plugins.
Preloading 0 native plugins for Editor in 0.00 ms.
Unloading 2005 Unused Serialized files (Serialized files now loaded: 0)
System memory in use before: 92.3 MB.
System memory in use after: 92.3 MB.

Unloading 25 unused Assets to reduce memory usage. Loaded Objects now: 2450.
Total: 2.349300 ms (FindLiveObjects: 0.265600 ms CreateObjectMapping: 0.049300 ms MarkObjects: 1.889400 ms  DeleteObjects: 0.143500 ms)

========================================================================
Received Import Request.
  path: Assets/Tiles/Manual Tiles.prefab
  artifactKey: Guid(a7cf83b4f08dff84c87910271e31cf22) Importer(815301076,1909f56bfc062723c751e8b465ee728b)
Start importing Assets/Tiles/Manual Tiles.prefab using Guid(a7cf83b4f08dff84c87910271e31cf22) Importer(815301076,1909f56bfc062723c751e8b465ee728b)  -> (artifact id: 'f6f3cc97070e1c4635108a3940f3070a') in 0.052157 seconds
  Import took 0.055263 seconds .

========================================================================
Received Prepare
Registering precompiled user dll's ...
Registered in 0.000725 seconds.
Begin MonoManager ReloadAssembly
Native extension for WindowsStandalone target not found
Native extension for WebGL target not found
Refreshing native plugins compatible for Editor in 0.45 ms, found 1 plugins.
Preloading 0 native plugins for Editor in 0.00 ms.
Mono: successfully reloaded assembly
- Completed reload, in  0.763 seconds
Platform modules already initialized, skipping
Refreshing native plugins compatible for Editor in 0.45 ms, found 1 plugins.
Preloading 0 native plugins for Editor in 0.00 ms.
Unloading 1997 Unused Serialized files (Serialized files now loaded: 0)
System memory in use before: 92.1 MB.
System memory in use after: 92.0 MB.

Unloading 13 unused Assets to reduce memory usage. Loaded Objects now: 2454.
Total: 2.144300 ms (FindLiveObjects: 0.281900 ms CreateObjectMapping: 0.049000 ms MarkObjects: 1.697800 ms  DeleteObjects: 0.114400 ms)

========================================================================
Received Prepare
Registering precompiled user dll's ...
Registered in 0.000830 seconds.
Begin MonoManager ReloadAssembly
Native extension for WindowsStandalone target not found
Native extension for WebGL target not found
Refreshing native plugins compatible for Editor in 0.44 ms, found 1 plugins.
Preloading 0 native plugins for Editor in 0.00 ms.
Mono: successfully reloaded assembly
- Completed reload, in  0.709 seconds
Platform modules already initialized, skipping
Refreshing native plugins compatible for Editor in 0.44 ms, found 1 plugins.
Preloading 0 native plugins for Editor in 0.00 ms.
Unloading 1997 Unused Serialized files (Serialized files now loaded: 0)
System memory in use before: 92.1 MB.
System memory in use after: 92.1 MB.

Unloading 13 unused Assets to reduce memory usage. Loaded Objects now: 2458.
Total: 2.427600 ms (FindLiveObjects: 0.275700 ms CreateObjectMapping: 0.049300 ms MarkObjects: 1.954800 ms  DeleteObjects: 0.146600 ms)

========================================================================
Received Prepare
Registering precompiled user dll's ...
Registered in 0.001025 seconds.
Begin MonoManager ReloadAssembly
Native extension for WindowsStandalone target not found
Native extension for WebGL target not found
Refreshing native plugins compatible for Editor in 0.43 ms, found 1 plugins.
Preloading 0 native plugins for Editor in 0.00 ms.
Mono: successfully reloaded assembly
- Completed reload, in  0.733 seconds
Platform modules already initialized, skipping
Refreshing native plugins compatible for Editor in 0.45 ms, found 1 plugins.
Preloading 0 native plugins for Editor in 0.00 ms.
Unloading 1997 Unused Serialized files (Serialized files now loaded: 0)
System memory in use before: 92.1 MB.
System memory in use after: 92.1 MB.

Unloading 13 unused Assets to reduce memory usage. Loaded Objects now: 2462.
Total: 2.069900 ms (FindLiveObjects: 0.224900 ms CreateObjectMapping: 0.047300 ms MarkObjects: 1.677300 ms  DeleteObjects: 0.119300 ms)

========================================================================
Received Import Request.
  Time since last request: 439.190819 seconds.
  path: Assets/SFX/coin.wav
  artifactKey: Guid(25d0aa33a3125924f8247d41f81bc412) Importer(815301076,1909f56bfc062723c751e8b465ee728b)
Start importing Assets/SFX/coin.wav using Guid(25d0aa33a3125924f8247d41f81bc412) Importer(815301076,1909f56bfc062723c751e8b465ee728b)  -> (artifact id: 'd7a7b8cf9828c6eff61f90adab24ae95') in 0.069698 seconds
  Import took 0.073215 seconds .

========================================================================
Received Import Request.
  Time since last request: 37.411101 seconds.
  path: Assets/Tiles/Scenes
  artifactKey: Guid(ce27d0378515ae649ae8303c10a8fb2a) Importer(815301076,1909f56bfc062723c751e8b465ee728b)
Start importing Assets/Tiles/Scenes using Guid(ce27d0378515ae649ae8303c10a8fb2a) Importer(815301076,1909f56bfc062723c751e8b465ee728b)  -> (artifact id: '5eca32eb14bb63eb3ab0b80e3a674bf0') in 0.011178 seconds
  Import took 0.014484 seconds .

========================================================================
Received Prepare
Registering precompiled user dll's ...
Registered in 0.000878 seconds.
Begin MonoManager ReloadAssembly
Native extension for WindowsStandalone target not found
Native extension for WebGL target not found
Refreshing native plugins compatible for Editor in 0.45 ms, found 1 plugins.
Preloading 0 native plugins for Editor in 0.00 ms.
Mono: successfully reloaded assembly
- Completed reload, in  0.730 seconds
Platform modules already initialized, skipping
Refreshing native plugins compatible for Editor in 0.52 ms, found 1 plugins.
Preloading 0 native plugins for Editor in 0.00 ms.
Unloading 1997 Unused Serialized files (Serialized files now loaded: 0)
System memory in use before: 95.1 MB.
System memory in use after: 95.1 MB.

Unloading 13 unused Assets to reduce memory usage. Loaded Objects now: 2475.
Total: 2.157000 ms (FindLiveObjects: 0.230300 ms CreateObjectMapping: 0.050700 ms MarkObjects: 1.772600 ms  DeleteObjects: 0.102300 ms)

========================================================================
Received Import Request.
  Time since last request: 45.592190 seconds.
  path: Assets/Scenes/Main Menu.unity
  artifactKey: Guid(2c967d7c25a631c438c2449ddad86f3d) Importer(815301076,1909f56bfc062723c751e8b465ee728b)
Start importing Assets/Scenes/Main Menu.unity using Guid(2c967d7c25a631c438c2449ddad86f3d) Importer(815301076,1909f56bfc062723c751e8b465ee728b)  -> (artifact id: '2a8af831a5806b8b9cbf68bf862ef2c9') in 0.029307 seconds
  Import took 0.032466 seconds .

========================================================================
Received Import Request.
  Time since last request: 117.075803 seconds.
  path: Assets/Scenes/Win Menu.unity
  artifactKey: Guid(09113137da08c3848b217c02afa35f07) Importer(815301076,1909f56bfc062723c751e8b465ee728b)
Start importing Assets/Scenes/Win Menu.unity using Guid(09113137da08c3848b217c02afa35f07) Importer(815301076,1909f56bfc062723c751e8b465ee728b)  -> (artifact id: '1b881470e61c2e1b141dd23e0baa52c2') in 0.008248 seconds
  Import took 0.011414 seconds .

========================================================================
Received Prepare
Registering precompiled user dll's ...
Registered in 0.000816 seconds.
Begin MonoManager ReloadAssembly
Native extension for WindowsStandalone target not found
Native extension for WebGL target not found
Refreshing native plugins compatible for Editor in 0.45 ms, found 1 plugins.
Preloading 0 native plugins for Editor in 0.00 ms.
Mono: successfully reloaded assembly
- Completed reload, in  0.738 seconds
Platform modules already initialized, skipping
Refreshing native plugins compatible for Editor in 0.44 ms, found 1 plugins.
Preloading 0 native plugins for Editor in 0.00 ms.
Unloading 1997 Unused Serialized files (Serialized files now loaded: 0)
System memory in use before: 95.2 MB.
System memory in use after: 95.1 MB.

Unloading 13 unused Assets to reduce memory usage. Loaded Objects now: 2479.
Total: 1.981900 ms (FindLiveObjects: 0.245100 ms CreateObjectMapping: 0.047100 ms MarkObjects: 1.580100 ms  DeleteObjects: 0.108100 ms)

========================================================================
Received Import Request.
  Time since last request: 263.436362 seconds.
  path: Assets/Scenes/Level 1.unity
  artifactKey: Guid(ed1e59c44a32a6e48a3228e8fba3cd27) Importer(815301076,1909f56bfc062723c751e8b465ee728b)
Start importing Assets/Scenes/Level 1.unity using Guid(ed1e59c44a32a6e48a3228e8fba3cd27) Importer(815301076,1909f56bfc062723c751e8b465ee728b)  -> (artifact id: 'c62246268b7f081015d8f855e81c0191') in 0.019137 seconds
  Import took 0.022384 seconds .

========================================================================
Received Import Request.
  Time since last request: 9.367461 seconds.
  path: Assets/Scenes/Level 2.unity
  artifactKey: Guid(889a2720feef69b4aa3be0e888660fae) Importer(815301076,1909f56bfc062723c751e8b465ee728b)
Start importing Assets/Scenes/Level 2.unity using Guid(889a2720feef69b4aa3be0e888660fae) Importer(815301076,1909f56bfc062723c751e8b465ee728b)  -> (artifact id: '7766ca8a104bf762d776db156386973f') in 0.007967 seconds
  Import took 0.010976 seconds .

========================================================================
Received Prepare
Registering precompiled user dll's ...
Registered in 0.000836 seconds.
Begin MonoManager ReloadAssembly
Native extension for WindowsStandalone target not found
Native extension for WebGL target not found
Refreshing native plugins compatible for Editor in 0.43 ms, found 1 plugins.
Preloading 0 native plugins for Editor in 0.00 ms.
Mono: successfully reloaded assembly
- Completed reload, in  0.726 seconds
Platform modules already initialized, skipping
Refreshing native plugins compatible for Editor in 0.51 ms, found 1 plugins.
Preloading 0 native plugins for Editor in 0.00 ms.
Unloading 1997 Unused Serialized files (Serialized files now loaded: 0)
System memory in use before: 95.2 MB.
System memory in use after: 95.2 MB.

Unloading 13 unused Assets to reduce memory usage. Loaded Objects now: 2483.
Total: 1.926500 ms (FindLiveObjects: 0.241200 ms CreateObjectMapping: 0.047200 ms MarkObjects: 1.516600 ms  DeleteObjects: 0.120400 ms)

========================================================================
Received Import Request.
  Time since last request: 192.327781 seconds.
  path: Assets/Scenes/Main Menu.unity
  artifactKey: Guid(2c967d7c25a631c438c2449ddad86f3d) Importer(815301076,1909f56bfc062723c751e8b465ee728b)
Start importing Assets/Scenes/Main Menu.unity using Guid(2c967d7c25a631c438c2449ddad86f3d) Importer(815301076,1909f56bfc062723c751e8b465ee728b)  -> (artifact id: '87677f54f701f8e74142748699c518ae') in 0.013083 seconds
  Import took 0.016142 seconds .

========================================================================
Received Prepare
Registering precompiled user dll's ...
Registered in 0.000989 seconds.
Begin MonoManager ReloadAssembly
Native extension for WindowsStandalone target not found
Native extension for WebGL target not found
Refreshing native plugins compatible for Editor in 0.50 ms, found 1 plugins.
Preloading 0 native plugins for Editor in 0.00 ms.
Mono: successfully reloaded assembly
- Completed reload, in  0.705 seconds
Platform modules already initialized, skipping
Refreshing native plugins compatible for Editor in 0.48 ms, found 1 plugins.
Preloading 0 native plugins for Editor in 0.00 ms.
Unloading 1997 Unused Serialized files (Serialized files now loaded: 0)
System memory in use before: 95.2 MB.
System memory in use after: 95.2 MB.

Unloading 13 unused Assets to reduce memory usage. Loaded Objects now: 2487.
Total: 1.980200 ms (FindLiveObjects: 0.251000 ms CreateObjectMapping: 0.047800 ms MarkObjects: 1.560300 ms  DeleteObjects: 0.119800 ms)

AssetImportWorkerClient::OnTransportError - code=2 error=End of file
