Using pre-set license
Built from '2020.3/staging' branch; Version is '2020.3.5f1 (8095aa901b9b) revision 8426922'; Using compiler version '192528614'; Build Type 'Release'
OS: 'Windows 10 Pro; OS build 22000.258; Version 2009; 64bit' Language: 'en' Physical Memory: 16333 MB
BatchMode: 1, IsHumanControllingUs: 0, StartBugReporterOnCrash: 0, Is64bit: 1, IsPro: 0

 COMMAND LINE ARGUMENTS:
C:\Unity\2020.3.5f1\Editor\Unity.exe
-adb2
-batchMode
-noUpm
-name
AssetImportWorker0
-projectPath
D:/Unity/Repo/Unity2D/Steam Breaker/Steam Breaker
-logFile
Logs/AssetImportWorker0.log
-srvPort
51308
Successfully changed project path to: D:/Unity/Repo/Unity2D/Steam Breaker/Steam Breaker
D:/Unity/Repo/Unity2D/Steam Breaker/Steam Breaker
Using Asset Import Pipeline V2.
Refreshing native plugins compatible for Editor in 33.93 ms, found 1 plugins.
Preloading 0 native plugins for Editor in 0.00 ms.
Initialize engine version: 2020.3.5f1 (8095aa901b9b)
[Subsystems] Discovering subsystems at path C:/Unity/2020.3.5f1/Editor/Data/Resources/UnitySubsystems
[Subsystems] Discovering subsystems at path D:/Unity/Repo/Unity2D/Steam Breaker/Steam Breaker/Assets
GfxDevice: creating device client; threaded=0
Direct3D:
    Version:  Direct3D 11.0 [level 11.1]
    Renderer: NVIDIA GeForce RTX 2060 SUPER (ID=0x1f06)
    Vendor:   
    VRAM:     8031 MB
    Driver:   30.0.14.7212
Initialize mono
Mono path[0] = 'C:/Unity/2020.3.5f1/Editor/Data/Managed'
Mono path[1] = 'C:/Unity/2020.3.5f1/Editor/Data/MonoBleedingEdge/lib/mono/unityjit'
Mono config path = 'C:/Unity/2020.3.5f1/Editor/Data/MonoBleedingEdge/etc'
Using monoOptions --debugger-agent=transport=dt_socket,embedding=1,server=y,suspend=n,address=127.0.0.1:56580
Begin MonoManager ReloadAssembly
Registering precompiled unity dll's ...
Register platform support module: C:/Unity/2020.3.5f1/Editor/Data/PlaybackEngines/WebGLSupport/UnityEditor.WebGL.Extensions.dll
Register platform support module: C:/Unity/2020.3.5f1/Editor/Data/PlaybackEngines/WindowsStandaloneSupport/UnityEditor.WindowsStandalone.Extensions.dll
Registered in 0.001693 seconds.
Native extension for WindowsStandalone target not found
Native extension for WebGL target not found
Refreshing native plugins compatible for Editor in 34.74 ms, found 1 plugins.
Preloading 0 native plugins for Editor in 0.00 ms.
Mono: successfully reloaded assembly
- Completed reload, in  0.957 seconds
Platform modules already initialized, skipping
Registering precompiled user dll's ...
Registered in 0.000675 seconds.
Begin MonoManager ReloadAssembly
Native extension for WindowsStandalone target not found
Native extension for WebGL target not found
Refreshing native plugins compatible for Editor in 34.75 ms, found 1 plugins.
Preloading 0 native plugins for Editor in 0.00 ms.
Mono: successfully reloaded assembly
- Completed reload, in  0.778 seconds
Platform modules already initialized, skipping
========================================================================
Worker process is ready to serve import requests
Launched and connected shader compiler UnityShaderCompiler.exe after 0.03 seconds
Refreshing native plugins compatible for Editor in 0.42 ms, found 1 plugins.
Preloading 0 native plugins for Editor in 0.00 ms.
Unloading 1830 Unused Serialized files (Serialized files now loaded: 0)
System memory in use before: 87.3 MB.
System memory in use after: 87.3 MB.

Unloading 24 unused Assets to reduce memory usage. Loaded Objects now: 2275.
Total: 2.147800 ms (FindLiveObjects: 0.239900 ms CreateObjectMapping: 0.045900 ms MarkObjects: 1.734300 ms  DeleteObjects: 0.126600 ms)

========================================================================
Received Import Request.
  path: Assets/Audio
  artifactKey: Guid(8333a8eb941cd2b42bb80dcc9e2262d7) Importer(815301076,1909f56bfc062723c751e8b465ee728b)
Start importing Assets/Audio using Guid(8333a8eb941cd2b42bb80dcc9e2262d7) Importer(815301076,1909f56bfc062723c751e8b465ee728b)  -> (artifact id: '856204a8531518b3995954eb615b1cb2') in 0.010003 seconds
  Import took 0.012759 seconds .

========================================================================
Received Import Request.
  Time since last request: 0.000157 seconds.
  path: Assets/Fonts/CCRobo.ttf
  artifactKey: Guid(b624fd088a1457345a89a46ac7d1a90a) Importer(815301076,1909f56bfc062723c751e8b465ee728b)
Start importing Assets/Fonts/CCRobo.ttf using Guid(b624fd088a1457345a89a46ac7d1a90a) Importer(815301076,1909f56bfc062723c751e8b465ee728b)  -> (artifact id: '6fef1c0f3be26a6f5fdb5784213b7556') in 0.175160 seconds
  Import took 0.177822 seconds .

========================================================================
Received Import Request.
  Time since last request: 9.182554 seconds.
  path: Assets/Scripts/LoseCollider.cs
  artifactKey: Guid(740801e6e71d9de4aaea03ad3d977436) Importer(815301076,1909f56bfc062723c751e8b465ee728b)
Start importing Assets/Scripts/LoseCollider.cs using Guid(740801e6e71d9de4aaea03ad3d977436) Importer(815301076,1909f56bfc062723c751e8b465ee728b)  -> (artifact id: 'a80007ae32d0bad07c3b568901550935') in 0.038801 seconds
  Import took 0.041578 seconds .

========================================================================
Received Prepare
Registering precompiled user dll's ...
Registered in 0.000934 seconds.
Begin MonoManager ReloadAssembly
Native extension for WindowsStandalone target not found
Native extension for WebGL target not found
Refreshing native plugins compatible for Editor in 0.44 ms, found 1 plugins.
Preloading 0 native plugins for Editor in 0.00 ms.
Mono: successfully reloaded assembly
- Completed reload, in  0.793 seconds
Platform modules already initialized, skipping
Refreshing native plugins compatible for Editor in 0.43 ms, found 1 plugins.
Preloading 0 native plugins for Editor in 0.00 ms.
Unloading 1812 Unused Serialized files (Serialized files now loaded: 0)
System memory in use before: 89.4 MB.
System memory in use after: 89.4 MB.

Unloading 12 unused Assets to reduce memory usage. Loaded Objects now: 2323.
Total: 2.194500 ms (FindLiveObjects: 0.417200 ms CreateObjectMapping: 0.071200 ms MarkObjects: 1.589400 ms  DeleteObjects: 0.115600 ms)

========================================================================
Received Prepare
Registering precompiled user dll's ...
Registered in 0.000785 seconds.
Begin MonoManager ReloadAssembly
Native extension for WindowsStandalone target not found
Native extension for WebGL target not found
Refreshing native plugins compatible for Editor in 0.40 ms, found 1 plugins.
Preloading 0 native plugins for Editor in 0.00 ms.
Mono: successfully reloaded assembly
- Completed reload, in  0.699 seconds
Platform modules already initialized, skipping
Refreshing native plugins compatible for Editor in 0.51 ms, found 1 plugins.
Preloading 0 native plugins for Editor in 0.00 ms.
Unloading 1812 Unused Serialized files (Serialized files now loaded: 0)
System memory in use before: 89.5 MB.
System memory in use after: 89.4 MB.

Unloading 12 unused Assets to reduce memory usage. Loaded Objects now: 2327.
Total: 2.068400 ms (FindLiveObjects: 0.242400 ms CreateObjectMapping: 0.060700 ms MarkObjects: 1.660200 ms  DeleteObjects: 0.104100 ms)

========================================================================
Received Import Request.
  Time since last request: 441.622989 seconds.
  path: Assets/Prefabs/Game Camera.prefab
  artifactKey: Guid(d1f10d15319b91e428c3aacbb8f57615) Importer(815301076,1909f56bfc062723c751e8b465ee728b)
Start importing Assets/Prefabs/Game Camera.prefab using Guid(d1f10d15319b91e428c3aacbb8f57615) Importer(815301076,1909f56bfc062723c751e8b465ee728b)  -> (artifact id: '01f1fdea69045d715db9359281fa75c4') in 0.027381 seconds
  Import took 0.030459 seconds .

========================================================================
Received Import Request.
  Time since last request: 0.000201 seconds.
  path: Assets/Prefabs/Game Session.prefab
  artifactKey: Guid(736665778dbdc9e41af9cf75ab893816) Importer(815301076,1909f56bfc062723c751e8b465ee728b)
Start importing Assets/Prefabs/Game Session.prefab using Guid(736665778dbdc9e41af9cf75ab893816) Importer(815301076,1909f56bfc062723c751e8b465ee728b)  -> (artifact id: '379c65214d0a56ccc88f975de2743047') in 0.057852 seconds
  Import took 0.060803 seconds .

========================================================================
Received Import Request.
  Time since last request: 221.236827 seconds.
  path: Assets/Scenes/Game Lost.unity
  artifactKey: Guid(f2f231a964e3b104aa85bd30765c4b39) Importer(815301076,1909f56bfc062723c751e8b465ee728b)
Start importing Assets/Scenes/Game Lost.unity using Guid(f2f231a964e3b104aa85bd30765c4b39) Importer(815301076,1909f56bfc062723c751e8b465ee728b)  -> (artifact id: '33de09e025aaed23ef569a00e2dfd6a7') in 0.029007 seconds
  Import took 0.031967 seconds .

========================================================================
Received Prepare
Registering precompiled user dll's ...
Registered in 0.000897 seconds.
Begin MonoManager ReloadAssembly
Native extension for WindowsStandalone target not found
Native extension for WebGL target not found
Refreshing native plugins compatible for Editor in 0.40 ms, found 1 plugins.
Preloading 0 native plugins for Editor in 0.00 ms.
Mono: successfully reloaded assembly
- Completed reload, in  0.696 seconds
Platform modules already initialized, skipping
Refreshing native plugins compatible for Editor in 0.43 ms, found 1 plugins.
Preloading 0 native plugins for Editor in 0.00 ms.
Unloading 1812 Unused Serialized files (Serialized files now loaded: 0)
System memory in use before: 89.5 MB.
System memory in use after: 89.5 MB.

Unloading 12 unused Assets to reduce memory usage. Loaded Objects now: 2331.
Total: 2.207900 ms (FindLiveObjects: 0.256600 ms CreateObjectMapping: 0.058000 ms MarkObjects: 1.766000 ms  DeleteObjects: 0.126000 ms)

AssetImportWorkerClient::OnTransportError - code=2 error=End of file
