Using pre-set license
Built from '2020.3/staging' branch; Version is '2020.3.5f1 (8095aa901b9b) revision 8426922'; Using compiler version '192528614'; Build Type 'Release'
OS: 'Windows 10 Pro; OS build 19042.1165; Version 2009; 64bit' Language: 'en' Physical Memory: 16333 MB
BatchMode: 1, IsHumanControllingUs: 0, StartBugReporterOnCrash: 0, Is64bit: 1, IsPro: 0

 COMMAND LINE ARGUMENTS:
C:\Unity\2020.3.5f1\Editor\Unity.exe
-adb2
-batchMode
-noUpm
-name
AssetImportWorker0
-projectPath
D:/Unity/Repo/Unity2D/Steam Breaker/Steam Breaker
-logFile
Logs/AssetImportWorker0.log
-srvPort
58574
Successfully changed project path to: D:/Unity/Repo/Unity2D/Steam Breaker/Steam Breaker
D:/Unity/Repo/Unity2D/Steam Breaker/Steam Breaker
Using Asset Import Pipeline V2.
Refreshing native plugins compatible for Editor in 39.05 ms, found 1 plugins.
Preloading 0 native plugins for Editor in 0.00 ms.
Initialize engine version: 2020.3.5f1 (8095aa901b9b)
[Subsystems] Discovering subsystems at path C:/Unity/2020.3.5f1/Editor/Data/Resources/UnitySubsystems
[Subsystems] Discovering subsystems at path D:/Unity/Repo/Unity2D/Steam Breaker/Steam Breaker/Assets
GfxDevice: creating device client; threaded=0
Direct3D:
    Version:  Direct3D 11.0 [level 11.1]
    Renderer: NVIDIA GeForce RTX 2060 SUPER (ID=0x1f06)
    Vendor:   
    VRAM:     8031 MB
    Driver:   27.21.14.6589
Initialize mono
Mono path[0] = 'C:/Unity/2020.3.5f1/Editor/Data/Managed'
Mono path[1] = 'C:/Unity/2020.3.5f1/Editor/Data/MonoBleedingEdge/lib/mono/unityjit'
Mono config path = 'C:/Unity/2020.3.5f1/Editor/Data/MonoBleedingEdge/etc'
Using monoOptions --debugger-agent=transport=dt_socket,embedding=1,server=y,suspend=n,address=127.0.0.1:56044
Begin MonoManager ReloadAssembly
Registering precompiled unity dll's ...
Register platform support module: C:/Unity/2020.3.5f1/Editor/Data/PlaybackEngines/WebGLSupport/UnityEditor.WebGL.Extensions.dll
Register platform support module: C:/Unity/2020.3.5f1/Editor/Data/PlaybackEngines/WindowsStandaloneSupport/UnityEditor.WindowsStandalone.Extensions.dll
Registered in 0.002599 seconds.
Native extension for WindowsStandalone target not found
Native extension for WebGL target not found
Refreshing native plugins compatible for Editor in 35.71 ms, found 1 plugins.
Preloading 0 native plugins for Editor in 0.00 ms.
Mono: successfully reloaded assembly
- Completed reload, in  1.091 seconds
Platform modules already initialized, skipping
Registering precompiled user dll's ...
Registered in 0.000740 seconds.
Begin MonoManager ReloadAssembly
Native extension for WindowsStandalone target not found
Native extension for WebGL target not found
Refreshing native plugins compatible for Editor in 38.04 ms, found 1 plugins.
Preloading 0 native plugins for Editor in 0.00 ms.
Mono: successfully reloaded assembly
- Completed reload, in  0.866 seconds
Platform modules already initialized, skipping
========================================================================
Worker process is ready to serve import requests
Launched and connected shader compiler UnityShaderCompiler.exe after 0.05 seconds
Refreshing native plugins compatible for Editor in 0.67 ms, found 1 plugins.
Preloading 0 native plugins for Editor in 0.00 ms.
Unloading 1830 Unused Serialized files (Serialized files now loaded: 0)
System memory in use before: 87.3 MB.
System memory in use after: 87.3 MB.

Unloading 24 unused Assets to reduce memory usage. Loaded Objects now: 2275.
Total: 1.992200 ms (FindLiveObjects: 0.236000 ms CreateObjectMapping: 0.044600 ms MarkObjects: 1.583700 ms  DeleteObjects: 0.127000 ms)

========================================================================
Received Import Request.
  path: Assets/Scripts/Ball.cs
  artifactKey: Guid(9fdbca662dc02134c8e579bf1b4d9f34) Importer(815301076,1909f56bfc062723c751e8b465ee728b)
Start importing Assets/Scripts/Ball.cs using Guid(9fdbca662dc02134c8e579bf1b4d9f34) Importer(815301076,1909f56bfc062723c751e8b465ee728b)  -> (artifact id: 'cc6086995978a0f8c026153454afb1c4') in 0.105646 seconds
  Import took 0.127104 seconds .

========================================================================
Received Prepare
Registering precompiled user dll's ...
Registered in 0.001236 seconds.
Begin MonoManager ReloadAssembly
Native extension for WindowsStandalone target not found
Native extension for WebGL target not found
Refreshing native plugins compatible for Editor in 0.40 ms, found 1 plugins.
Preloading 0 native plugins for Editor in 0.00 ms.
Mono: successfully reloaded assembly
- Completed reload, in  0.755 seconds
Platform modules already initialized, skipping
Refreshing native plugins compatible for Editor in 0.40 ms, found 1 plugins.
Preloading 0 native plugins for Editor in 0.00 ms.
Unloading 1812 Unused Serialized files (Serialized files now loaded: 0)
System memory in use before: 86.0 MB.
System memory in use after: 86.0 MB.

Unloading 12 unused Assets to reduce memory usage. Loaded Objects now: 2279.
Total: 2.798400 ms (FindLiveObjects: 0.413800 ms CreateObjectMapping: 0.054700 ms MarkObjects: 2.204800 ms  DeleteObjects: 0.123100 ms)

========================================================================
Received Import Request.
  Time since last request: 979.374555 seconds.
  path: Assets/Scripts/StatDisplay.cs
  artifactKey: Guid(1631c21372b4a98459687d2aa8f0e892) Importer(815301076,1909f56bfc062723c751e8b465ee728b)
Start importing Assets/Scripts/StatDisplay.cs using Guid(1631c21372b4a98459687d2aa8f0e892) Importer(815301076,1909f56bfc062723c751e8b465ee728b)  -> (artifact id: 'c2a9f6700e206bbc63e9bc1c0a1b4b1a') in 0.008093 seconds
  Import took 0.027528 seconds .

========================================================================
Received Prepare
Registering precompiled user dll's ...
Registered in 0.000872 seconds.
Begin MonoManager ReloadAssembly
Native extension for WindowsStandalone target not found
Native extension for WebGL target not found
Refreshing native plugins compatible for Editor in 0.40 ms, found 1 plugins.
Preloading 0 native plugins for Editor in 0.00 ms.
Mono: successfully reloaded assembly
- Completed reload, in  0.777 seconds
Platform modules already initialized, skipping
Refreshing native plugins compatible for Editor in 0.42 ms, found 1 plugins.
Preloading 0 native plugins for Editor in 0.00 ms.
Unloading 1812 Unused Serialized files (Serialized files now loaded: 0)
System memory in use before: 86.1 MB.
System memory in use after: 86.0 MB.

Unloading 12 unused Assets to reduce memory usage. Loaded Objects now: 2283.
Total: 2.059400 ms (FindLiveObjects: 0.227500 ms CreateObjectMapping: 0.045800 ms MarkObjects: 1.668800 ms  DeleteObjects: 0.116200 ms)

========================================================================
Received Import Request.
  Time since last request: 652.297796 seconds.
  path: Assets/Prefabs/Ball.prefab
  artifactKey: Guid(c936ff6b1a4226c4db5fef0344a7bd25) Importer(815301076,1909f56bfc062723c751e8b465ee728b)
Start importing Assets/Prefabs/Ball.prefab using Guid(c936ff6b1a4226c4db5fef0344a7bd25) Importer(815301076,1909f56bfc062723c751e8b465ee728b)  -> (artifact id: '7bd824c5414584b2648bfd286894528d') in 0.099184 seconds
  Import took 0.118233 seconds .

========================================================================
Received Import Request.
  Time since last request: 0.068616 seconds.
  path: Assets/Prefabs/Game Session.prefab
  artifactKey: Guid(736665778dbdc9e41af9cf75ab893816) Importer(815301076,1909f56bfc062723c751e8b465ee728b)
Start importing Assets/Prefabs/Game Session.prefab using Guid(736665778dbdc9e41af9cf75ab893816) Importer(815301076,1909f56bfc062723c751e8b465ee728b)  -> (artifact id: 'f2e5deeedcb124106ff6fe45d6dc6010') in 0.057797 seconds
  Import took 0.107317 seconds .

========================================================================
Received Import Request.
  Time since last request: 0.000190 seconds.
  path: Assets/Prefabs/Paddle.prefab
  artifactKey: Guid(f8a56d341be4a644ea216bf497959a21) Importer(815301076,1909f56bfc062723c751e8b465ee728b)
Start importing Assets/Prefabs/Paddle.prefab using Guid(f8a56d341be4a644ea216bf497959a21) Importer(815301076,1909f56bfc062723c751e8b465ee728b)  -> (artifact id: '751d16f8ac7992221964e446611a12da') in 0.012046 seconds
  Import took 0.034019 seconds .

========================================================================
Received Prepare
Registering precompiled user dll's ...
Registered in 0.001592 seconds.
Begin MonoManager ReloadAssembly
Native extension for WindowsStandalone target not found
Native extension for WebGL target not found
Refreshing native plugins compatible for Editor in 0.41 ms, found 1 plugins.
Preloading 0 native plugins for Editor in 0.00 ms.
Mono: successfully reloaded assembly
- Completed reload, in  0.744 seconds
Platform modules already initialized, skipping
Refreshing native plugins compatible for Editor in 0.42 ms, found 1 plugins.
Preloading 0 native plugins for Editor in 0.00 ms.
Unloading 1812 Unused Serialized files (Serialized files now loaded: 0)
System memory in use before: 89.2 MB.
System memory in use after: 89.2 MB.

Unloading 12 unused Assets to reduce memory usage. Loaded Objects now: 2294.
Total: 1.946900 ms (FindLiveObjects: 0.261400 ms CreateObjectMapping: 0.044700 ms MarkObjects: 1.536000 ms  DeleteObjects: 0.103800 ms)

========================================================================
Received Import Request.
  Time since last request: 67.172042 seconds.
  path: Assets/Scenes/Level 3.unity
  artifactKey: Guid(72a19226bcaf37d4aa29d975d96cd8ac) Importer(815301076,1909f56bfc062723c751e8b465ee728b)
Start importing Assets/Scenes/Level 3.unity using Guid(72a19226bcaf37d4aa29d975d96cd8ac) Importer(815301076,1909f56bfc062723c751e8b465ee728b)  -> (artifact id: 'd6e1889fcec216a0909a6041334dca2d') in 0.022115 seconds
  Import took 0.046085 seconds .

========================================================================
Received Import Request.
  Time since last request: 10.650771 seconds.
  path: Assets/Scenes/Level 4.unity
  artifactKey: Guid(0a69b7528b9d21144adc072389ed9254) Importer(815301076,1909f56bfc062723c751e8b465ee728b)
Start importing Assets/Scenes/Level 4.unity using Guid(0a69b7528b9d21144adc072389ed9254) Importer(815301076,1909f56bfc062723c751e8b465ee728b)  -> (artifact id: '93eda26b54f66ca50adf2046225656ec') in 0.007507 seconds
  Import took 0.015192 seconds .

========================================================================
Received Prepare
Registering precompiled user dll's ...
Registered in 0.000813 seconds.
Begin MonoManager ReloadAssembly
Native extension for WindowsStandalone target not found
Native extension for WebGL target not found
Refreshing native plugins compatible for Editor in 0.41 ms, found 1 plugins.
Preloading 0 native plugins for Editor in 0.00 ms.
Mono: successfully reloaded assembly
- Completed reload, in  0.784 seconds
Platform modules already initialized, skipping
Refreshing native plugins compatible for Editor in 0.41 ms, found 1 plugins.
Preloading 0 native plugins for Editor in 0.00 ms.
Unloading 1812 Unused Serialized files (Serialized files now loaded: 0)
System memory in use before: 89.2 MB.
System memory in use after: 89.2 MB.

Unloading 12 unused Assets to reduce memory usage. Loaded Objects now: 2298.
Total: 2.108600 ms (FindLiveObjects: 0.228200 ms CreateObjectMapping: 0.047500 ms MarkObjects: 1.712000 ms  DeleteObjects: 0.119700 ms)

========================================================================
Received Prepare
Registering precompiled user dll's ...
Registered in 0.000787 seconds.
Begin MonoManager ReloadAssembly
Native extension for WindowsStandalone target not found
Native extension for WebGL target not found
Refreshing native plugins compatible for Editor in 0.40 ms, found 1 plugins.
Preloading 0 native plugins for Editor in 0.00 ms.
Mono: successfully reloaded assembly
- Completed reload, in  0.749 seconds
Platform modules already initialized, skipping
Refreshing native plugins compatible for Editor in 0.42 ms, found 1 plugins.
Preloading 0 native plugins for Editor in 0.00 ms.
Unloading 1812 Unused Serialized files (Serialized files now loaded: 0)
System memory in use before: 89.2 MB.
System memory in use after: 89.2 MB.

Unloading 12 unused Assets to reduce memory usage. Loaded Objects now: 2302.
Total: 1.963600 ms (FindLiveObjects: 0.257200 ms CreateObjectMapping: 0.045800 ms MarkObjects: 1.545600 ms  DeleteObjects: 0.113700 ms)

AssetImportWorkerClient::OnTransportError - code=2 error=End of file
